Determining if the Q_WS_WIN exist failed with the following output:
Change Dir: /home/gorrd/Swarm Intelligence/INFO-H-414-SR-2016/build/CMakeFiles/CMakeTmp

Run Build Command:"/usr/bin/make" "cmTC_95d09/fast"
/usr/bin/make -f CMakeFiles/cmTC_95d09.dir/build.make CMakeFiles/cmTC_95d09.dir/build
make[1] : on entre dans le répertoire « /home/gorrd/Swarm Intelligence/INFO-H-414-SR-2016/build/CMakeFiles/CMakeTmp »
Building CXX object CMakeFiles/cmTC_95d09.dir/CheckSymbolExists.cxx.o
/usr/bin/c++    -I/usr/include/qt4   -o CMakeFiles/cmTC_95d09.dir/CheckSymbolExists.cxx.o -c "/home/gorrd/Swarm Intelligence/INFO-H-414-SR-2016/build/CMakeFiles/CMakeTmp/CheckSymbolExists.cxx"
/home/gorrd/Swarm Intelligence/INFO-H-414-SR-2016/build/CMakeFiles/CMakeTmp/CheckSymbolExists.cxx: In function ‘int main(int, char**)’:
/home/gorrd/Swarm Intelligence/INFO-H-414-SR-2016/build/CMakeFiles/CMakeTmp/CheckSymbolExists.cxx:8:19: error: ‘Q_WS_WIN’ was not declared in this scope
   return ((int*)(&Q_WS_WIN))[argc];
                   ^
CMakeFiles/cmTC_95d09.dir/build.make:65 : la recette pour la cible « CMakeFiles/cmTC_95d09.dir/CheckSymbolExists.cxx.o » a échouée
make[1]: *** [CMakeFiles/cmTC_95d09.dir/CheckSymbolExists.cxx.o] Erreur 1
make[1] : on quitte le répertoire « /home/gorrd/Swarm Intelligence/INFO-H-414-SR-2016/build/CMakeFiles/CMakeTmp »
Makefile:126 : la recette pour la cible « cmTC_95d09/fast » a échouée
make: *** [cmTC_95d09/fast] Erreur 2

File /home/gorrd/Swarm Intelligence/INFO-H-414-SR-2016/build/CMakeFiles/CMakeTmp/CheckSymbolExists.cxx:
/* */
#include <QtCore/qglobal.h>

int main(int argc, char** argv)
{
  (void)argv;
#ifndef Q_WS_WIN
  return ((int*)(&Q_WS_WIN))[argc];
#else
  (void)argc;
  return 0;
#endif
}

Determining if the Q_WS_QWS exist failed with the following output:
Change Dir: /home/gorrd/Swarm Intelligence/INFO-H-414-SR-2016/build/CMakeFiles/CMakeTmp

Run Build Command:"/usr/bin/make" "cmTC_6c081/fast"
/usr/bin/make -f CMakeFiles/cmTC_6c081.dir/build.make CMakeFiles/cmTC_6c081.dir/build
make[1] : on entre dans le répertoire « /home/gorrd/Swarm Intelligence/INFO-H-414-SR-2016/build/CMakeFiles/CMakeTmp »
Building CXX object CMakeFiles/cmTC_6c081.dir/CheckSymbolExists.cxx.o
/usr/bin/c++    -I/usr/include/qt4   -o CMakeFiles/cmTC_6c081.dir/CheckSymbolExists.cxx.o -c "/home/gorrd/Swarm Intelligence/INFO-H-414-SR-2016/build/CMakeFiles/CMakeTmp/CheckSymbolExists.cxx"
/home/gorrd/Swarm Intelligence/INFO-H-414-SR-2016/build/CMakeFiles/CMakeTmp/CheckSymbolExists.cxx: In function ‘int main(int, char**)’:
/home/gorrd/Swarm Intelligence/INFO-H-414-SR-2016/build/CMakeFiles/CMakeTmp/CheckSymbolExists.cxx:8:19: error: ‘Q_WS_QWS’ was not declared in this scope
   return ((int*)(&Q_WS_QWS))[argc];
                   ^
CMakeFiles/cmTC_6c081.dir/build.make:65 : la recette pour la cible « CMakeFiles/cmTC_6c081.dir/CheckSymbolExists.cxx.o » a échouée
make[1]: *** [CMakeFiles/cmTC_6c081.dir/CheckSymbolExists.cxx.o] Erreur 1
make[1] : on quitte le répertoire « /home/gorrd/Swarm Intelligence/INFO-H-414-SR-2016/build/CMakeFiles/CMakeTmp »
Makefile:126 : la recette pour la cible « cmTC_6c081/fast » a échouée
make: *** [cmTC_6c081/fast] Erreur 2

File /home/gorrd/Swarm Intelligence/INFO-H-414-SR-2016/build/CMakeFiles/CMakeTmp/CheckSymbolExists.cxx:
/* */
#include <QtCore/qglobal.h>

int main(int argc, char** argv)
{
  (void)argv;
#ifndef Q_WS_QWS
  return ((int*)(&Q_WS_QWS))[argc];
#else
  (void)argc;
  return 0;
#endif
}

Determining if the Q_WS_MAC exist failed with the following output:
Change Dir: /home/gorrd/Swarm Intelligence/INFO-H-414-SR-2016/build/CMakeFiles/CMakeTmp

Run Build Command:"/usr/bin/make" "cmTC_0f149/fast"
/usr/bin/make -f CMakeFiles/cmTC_0f149.dir/build.make CMakeFiles/cmTC_0f149.dir/build
make[1] : on entre dans le répertoire « /home/gorrd/Swarm Intelligence/INFO-H-414-SR-2016/build/CMakeFiles/CMakeTmp »
Building CXX object CMakeFiles/cmTC_0f149.dir/CheckSymbolExists.cxx.o
/usr/bin/c++    -I/usr/include/qt4   -o CMakeFiles/cmTC_0f149.dir/CheckSymbolExists.cxx.o -c "/home/gorrd/Swarm Intelligence/INFO-H-414-SR-2016/build/CMakeFiles/CMakeTmp/CheckSymbolExists.cxx"
/home/gorrd/Swarm Intelligence/INFO-H-414-SR-2016/build/CMakeFiles/CMakeTmp/CheckSymbolExists.cxx: In function ‘int main(int, char**)’:
/home/gorrd/Swarm Intelligence/INFO-H-414-SR-2016/build/CMakeFiles/CMakeTmp/CheckSymbolExists.cxx:8:19: error: ‘Q_WS_MAC’ was not declared in this scope
   return ((int*)(&Q_WS_MAC))[argc];
                   ^
CMakeFiles/cmTC_0f149.dir/build.make:65 : la recette pour la cible « CMakeFiles/cmTC_0f149.dir/CheckSymbolExists.cxx.o » a échouée
make[1]: *** [CMakeFiles/cmTC_0f149.dir/CheckSymbolExists.cxx.o] Erreur 1
make[1] : on quitte le répertoire « /home/gorrd/Swarm Intelligence/INFO-H-414-SR-2016/build/CMakeFiles/CMakeTmp »
Makefile:126 : la recette pour la cible « cmTC_0f149/fast » a échouée
make: *** [cmTC_0f149/fast] Erreur 2

File /home/gorrd/Swarm Intelligence/INFO-H-414-SR-2016/build/CMakeFiles/CMakeTmp/CheckSymbolExists.cxx:
/* */
#include <QtCore/qglobal.h>

int main(int argc, char** argv)
{
  (void)argv;
#ifndef Q_WS_MAC
  return ((int*)(&Q_WS_MAC))[argc];
#else
  (void)argc;
  return 0;
#endif
}

